<?xml version="1.0" encoding="UTF-8"?>
<!-- Generated by org.testng.reporters.JUnitReportReporter -->
<testsuite hostname="DESKTOP-9QNQ3PS" failures="0" tests="3" name="practise.DataProviderTest" time="29.919" errors="0" timestamp="2024-06-18T15:16:30 IST" skipped="0">
  <testcase classname="practise.DataProviderTest" name="amazonautosuggestion" time="8.967"/>
  <system-out/>
  <testcase classname="practise.DataProviderTest" name="amazonautosuggestion" time="11.770"/>
  <system-out/>
  <testcase classname="practise.DataProviderTest" name="amazonautosuggestion" time="9.182"/>
  <system-out/>
</testsuite> <!-- practise.DataProviderTest -->
