<?xml version="1.0" encoding="UTF-8"?>
<!-- Generated by org.testng.reporters.JUnitReportReporter -->
<testsuite hostname="DESKTOP-9QNQ3PS" failures="0" tests="1" name="com.vtigercrm.contacttest.CreatContactTest" time="24.655" errors="0" timestamp="2024-06-21T13:04:54 IST" skipped="0">
  <testcase classname="com.vtigercrm.contacttest.CreatContactTest" name="creatcontactTest" time="24.655"/>
  <system-out/>
</testsuite> <!-- com.vtigercrm.contacttest.CreatContactTest -->
